<?xml version="1.0" encoding="UTF-8"?>
<!-- Generated by org.testng.reporters.JUnitReportReporter -->
<testsuite hostname="LAPTOP-8TDSBEOR" failures="0" tests="2" name="Test.LoginTest" time="2.120" errors="0" timestamp="2024-07-02T15:34:19 IST" skipped="0">
  <testcase classname="Test.LoginTest" name="loginpage" time="1.805"/>
  <testcase classname="Test.LoginTest" name="homepage" time="0.315"/>
</testsuite> <!-- Test.LoginTest -->
