<?xml version="1.0" encoding="UTF-8"?>
<!-- Generated by org.testng.reporters.JUnitReportReporter -->
<testsuite hostname="LAPTOP-8TDSBEOR" failures="0" tests="1" name="Program.Launch" time="4.019" errors="0" timestamp="2024-07-01T22:37:54 IST" skipped="0">
  <testcase classname="Program.Launch" name="first" time="4.019"/>
</testsuite> <!-- Program.Launch -->
