<?xml version="1.0" encoding="UTF-8"?>
<!-- Generated by org.testng.reporters.JUnitReportReporter -->
<testsuite hostname="LAPTOP-8TDSBEOR" failures="0" tests="1" name="Test.LoginTest" time="1.747" errors="0" timestamp="2024-10-09T00:30:46 IST" skipped="0">
  <testcase classname="Test.LoginTest" name="loginpage" time="1.747"/>
</testsuite> <!-- Test.LoginTest -->
